23M	/usr/sbin
31M	/usr/bin/x86_64-linux-gnu-lto-dump-12
116M	/usr/bin
27M	/usr/lib/python3.11
40M	/usr/lib/modules/6.1.0-32-amd64/kernel/drivers/gpu/drm
40M	/usr/lib/modules/6.1.0-32-amd64/kernel/drivers/gpu
35M	/usr/lib/modules/6.1.0-32-amd64/kernel/drivers/media
32M	/usr/lib/modules/6.1.0-32-amd64/kernel/drivers/net/wireless
34M	/usr/lib/modules/6.1.0-32-amd64/kernel/drivers/net/ethernet
76M	/usr/lib/modules/6.1.0-32-amd64/kernel/drivers/net
22M	/usr/lib/modules/6.1.0-32-amd64/kernel/drivers/scsi
276M	/usr/lib/modules/6.1.0-32-amd64/kernel/drivers
38M	/usr/lib/modules/6.1.0-32-amd64/kernel/fs
34M	/usr/lib/modules/6.1.0-32-amd64/kernel/net
29M	/usr/lib/modules/6.1.0-32-amd64/kernel/sound
389M	/usr/lib/modules/6.1.0-32-amd64/kernel
395M	/usr/lib/modules/6.1.0-32-amd64
40M	/usr/lib/modules/6.1.0-31-amd64/kernel/drivers/gpu/drm
40M	/usr/lib/modules/6.1.0-31-amd64/kernel/drivers/gpu
35M	/usr/lib/modules/6.1.0-31-amd64/kernel/drivers/media
32M	/usr/lib/modules/6.1.0-31-amd64/kernel/drivers/net/wireless
34M	/usr/lib/modules/6.1.0-31-amd64/kernel/drivers/net/ethernet
76M	/usr/lib/modules/6.1.0-31-amd64/kernel/drivers/net
22M	/usr/lib/modules/6.1.0-31-amd64/kernel/drivers/scsi
276M	/usr/lib/modules/6.1.0-31-amd64/kernel/drivers
38M	/usr/lib/modules/6.1.0-31-amd64/kernel/fs
34M	/usr/lib/modules/6.1.0-31-amd64/kernel/net
29M	/usr/lib/modules/6.1.0-31-amd64/kernel/sound
389M	/usr/lib/modules/6.1.0-31-amd64/kernel
395M	/usr/lib/modules/6.1.0-31-amd64
40M	/usr/lib/modules/6.1.0-40-amd64/kernel/drivers/gpu/drm
40M	/usr/lib/modules/6.1.0-40-amd64/kernel/drivers/gpu
35M	/usr/lib/modules/6.1.0-40-amd64/kernel/drivers/media
32M	/usr/lib/modules/6.1.0-40-amd64/kernel/drivers/net/wireless
34M	/usr/lib/modules/6.1.0-40-amd64/kernel/drivers/net/ethernet
76M	/usr/lib/modules/6.1.0-40-amd64/kernel/drivers/net
22M	/usr/lib/modules/6.1.0-40-amd64/kernel/drivers/scsi
276M	/usr/lib/modules/6.1.0-40-amd64/kernel/drivers
38M	/usr/lib/modules/6.1.0-40-amd64/kernel/fs
34M	/usr/lib/modules/6.1.0-40-amd64/kernel/net
30M	/usr/lib/modules/6.1.0-40-amd64/kernel/sound
390M	/usr/lib/modules/6.1.0-40-amd64/kernel
395M	/usr/lib/modules/6.1.0-40-amd64
22M	/usr/lib/udev
31M	/usr/lib/gcc/x86_64-linux-gnu/12/lto1
32M	/usr/lib/gcc/x86_64-linux-gnu/12/cc1
79M	/usr/lib/gcc/x86_64-linux-gnu/12
79M	/usr/lib/gcc/x86_64-linux-gnu
79M	/usr/lib/gcc
30M	/usr/lib/x86_64-linux-gnu/libicudata.so.72.1
26M	/usr/lib/x86_64-linux-gnu/perl/5.36.0
26M	/usr/lib/x86_64-linux-gnu/perl
231M	/usr/lib/x86_64-linux-gnu
21M	/usr/share/man
22M	/usr/share/nmap
36M	/usr/share/doc
40M	/usr/share/vim/vim90
40M	/usr/share/vim
21M	/usr/share/perl/5.36.0
21M	/usr/share/perl
113M	/usr/share/locale
314M	/usr/share
33M	/boot/initrd.img-6.1.0-31-amd64
33M	/boot/initrd.img-6.1.0-32-amd64
33M	/boot/initrd.img-6.1.0-40-amd64
133M	/boot
751M	/var/log/journal/8247b53b6ae84ae0ad9bb1c96113fd29
751M	/var/log/journal
767M	/var/log
38M	/var/cache/apt/srcpkgcache.bin
38M	/var/cache/apt/pkgcache.bin
76M	/var/cache/apt
83M	/var/cache
48M	/var/lib/apt/lists/deb.debian.org_debian_dists_bookworm_main_binary-amd64_Packages
49M	/var/lib/apt/lists/deb.debian.org_debian_dists_bookworm_main_source_Sources
32M	/var/lib/apt/lists/deb.debian.org_debian_dists_bookworm_main_i18n_Translation-en
137M	/var/lib/apt/lists
137M	/var/lib/apt
160M	/var/lib
1010M	/var
