screen -S 'whoami'_part2
touch "$USER"_part.log
ls
ls	lsb_release 	lsinitramfs	lslocks		lsmod	lspci
lsattr	lscpu		lsipc		lslogins	lsns	lsusb
lsblk	lsfd		lsirq		lsmem		lsof
$HIST
$HISTCMD	$HISTCONTROL	$HISTFILE	$HISTFILESIZE	$HISTSIZE
echo $HISTFILESIZE
ls -d ~/.*
export HISTTIMEFORMAT = "%F %T "
date
history
cat .bash_history
export PROMPT_COMMAND = 'history -a'
date
history
cat .bash_history
export DATE=$(date +"%d-%m-%Y")
echo $DATE
export TIME=$(date +"%F")
echo $TIME
export DATE_TIME="$DATE $TIME"
echo $DATE_TIME
ls /bin /sbin | grep '[0-9]'
export PS1='\u@\h-$(date +%H:%M)>'
vi ~/.bashrc
bash
for m in {01..12}; do mkdir -p ~/"$(date +%Y)-$m"; done
